[16:40:15] [main/INFO]: Loading for game Minecraft 1.14.1
[16:40:15] [main/INFO]: [FabricLoader] Loading 22 mods: fabric-networking-blockentity-v0@0.1.0+f1618918, fabric-keybindings-v0@0.1.0+f1618918, fabric-resource-loader-v0@0.1.0+f1618918, fabric-textures-v0@0.1.0+f1618918, fabric-content-registries-v0@0.1.0+f1618918, fabric-tag-extensions-v0@0.1.0+f1618918, fabricloader@0.4.7+build.147, fabric-registry-sync-v0@0.1.0+f1618918, fabric-commands-v0@0.1.0+f1618918, modid@${version}, fabric-mining-levels-v0@0.1.0+f1618918, fabric-containers-v0@0.1.0+f1618918, fabric-events-interaction-v0@0.1.0+f1618918, fabric-events-lifecycle-v0@0.1.0+9232ac87, fabric-crash-report-info-v1@0.1.0+f1618918, fabric@0.3.0-pre+build.156, fabric-models-v0@0.1.0+f1618918, fabric-item-groups-v0@0.1.0+f1618918, fabric-api-base@0.1.0+f1618918, fabric-object-builders-v0@0.1.0+9232ac87, fabric-networking-v0@0.1.0+f1618918, fabric-rendering-v0@0.1.0+f1618918
[16:40:15] [main/WARN]: Mod `modid` (${version}) does not respect SemVer - comparison support is limited.
[16:40:15] [main/INFO]: SpongePowered MIXIN Subsystem Version=0.7.11 Source=file:/C:/Users/User/.gradle/caches/modules-2/files-2.1/net.fabricmc/sponge-mixin/0.7.11.30/12878b7fa8bcc30844de4fa9e09d95c36b8c359b/sponge-mixin-0.7.11.30.jar Service=Knot/Fabric Env=CLIENT
[16:40:16] [main/INFO]: Loaded Fabric development mappings for mixin remapper!
[16:40:16] [main/INFO]: Compatibility level set to JAVA_8
[16:40:16] [main/WARN]: Mixin config fabric-networking-v0.mixins.json does not specify "minVersion" property
[16:40:16] [main/WARN]: Mixin config fabric-networking-blockentity-v0.mixins.json does not specify "minVersion" property
[16:40:16] [main/WARN]: Mixin config fabric-resource-loader-v0.mixins.json does not specify "minVersion" property
[16:40:16] [main/WARN]: Mixin config fabric-mining-levels-v0.mixins.json does not specify "minVersion" property
[16:40:16] [main/WARN]: Mixin config fabric-containers-v0.mixins.json does not specify "minVersion" property
[16:40:16] [main/WARN]: Mixin config fabric-object-builders-v0.mixins.json does not specify "minVersion" property
[16:40:16] [main/WARN]: Mixin config fabric-rendering-v0.mixins.json does not specify "minVersion" property
[16:40:16] [main/WARN]: Mixin config fabric-item-groups-v0.mixins.json does not specify "minVersion" property
[16:40:16] [main/WARN]: Mixin config fabric-events-interaction-v0.mixins.json does not specify "minVersion" property
[16:40:16] [main/WARN]: Mixin config fabric-content-registries-v0.mixins.json does not specify "minVersion" property
[16:40:16] [main/WARN]: Mixin config fabric-textures-v0.mixins.json does not specify "minVersion" property
[16:40:16] [main/WARN]: Mixin config fabric-registry-sync-v0.mixins.json does not specify "minVersion" property
[16:40:16] [main/WARN]: Mixin config fabric-models-v0.mixins.json does not specify "minVersion" property
[16:40:16] [main/WARN]: Mixin config fabric-keybindings-v0.mixins.json does not specify "minVersion" property
[16:40:16] [main/WARN]: Mixin config fabric-crash-report-info-v1.mixins.json does not specify "minVersion" property
[16:40:16] [main/WARN]: Mixin config fabric-events-lifecycle-v0.mixins.json does not specify "minVersion" property
[16:40:16] [main/WARN]: Mixin config fabric-commands-v0.mixins.json does not specify "minVersion" property
[16:40:16] [main/WARN]: Mixin config modid.mixins.json does not specify "minVersion" property
[16:40:16] [main/INFO]: Remapping refMap fabric-networking-v0-refmap.json using remapper chain
[16:40:16] [main/INFO]: Remapping refMap fabric-networking-blockentity-v0-refmap.json using remapper chain
[16:40:16] [main/INFO]: Remapping refMap fabric-resource-loader-v0-refmap.json using remapper chain
[16:40:16] [main/INFO]: Remapping refMap fabric-mining-levels-v0-refmap.json using remapper chain
[16:40:16] [main/INFO]: Remapping refMap fabric-containers-v0-refmap.json using remapper chain
[16:40:16] [main/INFO]: Remapping refMap fabric-object-builders-v0-refmap.json using remapper chain
[16:40:16] [main/INFO]: Remapping refMap fabric-rendering-v0-refmap.json using remapper chain
[16:40:16] [main/INFO]: Remapping refMap fabric-item-groups-v0-refmap.json using remapper chain
[16:40:16] [main/INFO]: Remapping refMap fabric-events-interaction-v0-refmap.json using remapper chain
[16:40:16] [main/INFO]: Remapping refMap fabric-content-registries-v0-refmap.json using remapper chain
[16:40:16] [main/INFO]: Remapping refMap fabric-textures-v0-refmap.json using remapper chain
[16:40:16] [main/INFO]: Remapping refMap fabric-registry-sync-v0-refmap.json using remapper chain
[16:40:16] [main/INFO]: Remapping refMap fabric-models-v0-refmap.json using remapper chain
[16:40:16] [main/INFO]: Remapping refMap fabric-keybindings-v0-refmap.json using remapper chain
[16:40:16] [main/INFO]: Remapping refMap fabric-crash-report-info-v1-refmap.json using remapper chain
[16:40:16] [main/INFO]: Remapping refMap fabric-events-lifecycle-v0-refmap.json using remapper chain
[16:40:16] [main/INFO]: Remapping refMap fabric-commands-v0-refmap.json using remapper chain
